<?xml version="1.0" encoding="UTF-8"?>
<!-- Generated by org.testng.reporters.JUnitReportReporter -->
<testsuite hostname="salimsouidi" failures="0" tests="1" name="clientTest.LoginClientTest" time="1.950" errors="0" timestamp="2024-02-23T21:50:47 GMT+01:00" skipped="0">
  <testcase classname="clientTest.LoginClientTest" name="loginClienttest" time="1.950"/>
  <system-out/>
</testsuite> <!-- clientTest.LoginClientTest -->
