<?xml version="1.0" encoding="UTF-8"?>
<!-- Generated by org.testng.reporters.JUnitReportReporter -->
<testsuite hostname="salimsouidi" failures="0" tests="5" name="clientTest.LoginClientTest" time="8.972" errors="0" timestamp="2024-03-14T16:41:04 GMT+01:00" skipped="0">
  <testcase classname="clientTest.LoginClientTest" name="testOnBrowser" time="1.747"/>
  <testcase classname="clientTest.LoginClientTest" name="testOnBrowser" time="1.801"/>
  <testcase classname="clientTest.LoginClientTest" name="testOnBrowser" time="2.315"/>
  <testcase classname="clientTest.LoginClientTest" name="testOnBrowser" time="1.475"/>
  <testcase classname="clientTest.LoginClientTest" name="testOnBrowser" time="1.634"/>
</testsuite> <!-- clientTest.LoginClientTest -->
