<?xml version="1.0" encoding="UTF-8"?>
<!-- Generated by org.testng.reporters.JUnitReportReporter -->
<testsuite hostname="salimsouidi" failures="0" tests="5" name="clientTest.LoginClientTest" time="7.348" errors="0" timestamp="2024-03-08T20:09:36 GMT+01:00" skipped="0">
  <testcase classname="clientTest.LoginClientTest" name="testOnBrowser" time="1.620"/>
  <testcase classname="clientTest.LoginClientTest" name="testOnBrowser" time="1.550"/>
  <testcase classname="clientTest.LoginClientTest" name="testOnBrowser" time="1.360"/>
  <testcase classname="clientTest.LoginClientTest" name="testOnBrowser" time="1.511"/>
  <testcase classname="clientTest.LoginClientTest" name="testOnBrowser" time="1.307"/>
</testsuite> <!-- clientTest.LoginClientTest -->
