<?xml version="1.0" encoding="UTF-8"?>
<!-- Generated by org.testng.reporters.JUnitReportReporter -->
<testsuite hostname="salimsouidi" failures="0" tests="5" name="clientTest.LoginClientTest" time="7.046" errors="0" timestamp="2024-03-08T21:43:35 GMT+01:00" skipped="0">
  <testcase classname="clientTest.LoginClientTest" name="testOnBrowser" time="1.774"/>
  <system-out/>
  <testcase classname="clientTest.LoginClientTest" name="testOnBrowser" time="1.205"/>
  <system-out/>
  <testcase classname="clientTest.LoginClientTest" name="testOnBrowser" time="1.271"/>
  <system-out/>
  <testcase classname="clientTest.LoginClientTest" name="testOnBrowser" time="1.401"/>
  <system-out/>
  <testcase classname="clientTest.LoginClientTest" name="testOnBrowser" time="1.395"/>
  <system-out/>
</testsuite> <!-- clientTest.LoginClientTest -->
