<?xml version="1.0" encoding="UTF-8"?>
<!-- Generated by org.testng.reporters.JUnitReportReporter -->
<testsuite hostname="salimsouidi" failures="0" tests="5" name="clientTest.LoginClientTest" time="7.820" errors="0" timestamp="2024-03-07T19:45:01 GMT+01:00" skipped="0">
  <testcase classname="clientTest.LoginClientTest" name="testOnBrowser" time="1.310"/>
  <system-out/>
  <testcase classname="clientTest.LoginClientTest" name="testOnBrowser" time="1.594"/>
  <system-out/>
  <testcase classname="clientTest.LoginClientTest" name="testOnBrowser" time="1.902"/>
  <system-out/>
  <testcase classname="clientTest.LoginClientTest" name="testOnBrowser" time="1.606"/>
  <system-out/>
  <testcase classname="clientTest.LoginClientTest" name="testOnBrowser" time="1.408"/>
  <system-out/>
</testsuite> <!-- clientTest.LoginClientTest -->
